Arguments: 
  /usr/local/bin/node /usr/local/bin/yarn add -D preload-webpack-plugin

PATH: 
  /Library/Frameworks/Python.framework/Versions/3.10/bin:/opt/local/bin:/opt/local/sbin:/usr/local/bin:/usr/bin:/bin:/usr/sbin:/sbin:/Users/user/opt/anaconda3/bin:/Users/user/opt/anaconda3/condabin:/Library/Frameworks/Python.framework/Versions/3.10/bin:/opt/local/bin:/opt/local/sbin

Yarn version: 
  1.22.19

Node version: 
  17.5.0

Platform: 
  darwin arm64

Trace: 
  Error: ENOENT: no such file or directory, copyfile '/Users/user/Library/Caches/Yarn/v6/npm-get-stream-4.1.0-c1b255575f3dc21d59bfc79cd3d2b46b1c3a54b5-integrity/node_modules/get-stream/index.js' -> '/Users/user/code/webpack_code/node_modules/bin-version/node_modules/get-stream/index.js'

npm manifest: 
  {
    "name": "webpack_code",
    "version": "1.0.0",
    "description": "",
    "main": "./src/main.js",
    "scripts": {
      "start": "npm run dev",
      "dev": "webpack serve --config ./config/webpack.dev.js",
      "build": "webpack --config ./config/webpack.prod.js"
    },
    "keywords": [],
    "author": "",
    "license": "ISC",
    "devDependencies": {
      "@babel/core": "^7.18.2",
      "@babel/plugin-transform-runtime": "^7.18.2",
      "@babel/preset-env": "^7.18.2",
      "babel-loader": "^8.2.5",
      "css-loader": "^6.7.1",
      "css-minimizer-webpack-plugin": "^4.0.0",
      "eslint": "^8.17.0",
      "eslint-webpack-plugin": "^3.1.1",
      "html-webpack-plugin": "^5.5.0",
      "image-minimizer-webpack-plugin": "^3.2.3",
      "imagemin": "^8.0.1",
      "imagemin-gifsicle": "^7.0.0",
      "imagemin-jpegtran": "^7.0.0",
      "imagemin-optipng": "^8.0.0",
      "imagemin-svgo": "^10.0.1",
      "less": "^4.1.3",
      "less-loader": "^11.0.0",
      "mini-css-extract-plugin": "^2.6.0",
      "postcss": "^8.4.14",
      "postcss-loader": "^7.0.0",
      "postcss-preset-env": "^7.7.1",
      "style-loader": "^3.3.1",
      "thread-loader": "^3.0.4",
      "webpack": "^5.73.0",
      "webpack-cli": "^4.9.2",
      "webpack-dev-server": "^4.9.2"
    },
    "browserslist": [
      "last 2 version",
      ">1%",
      "not dead"
    ]
  }

yarn manifest: 
  No manifest

Lockfile: 
  No lockfile
